# JRE version: Java(TM) SE Runtime Environment (8.0_191-b12) (build 1.8.0_191-b12)
# Java VM: Java HotSpot(TM) Client VM (25.191-b12 mixed mode windows-x86 )
Heap:
 def new generation   total 157248K, used 157248K [0x06e00000, 0x118a0000, 0x118a0000)
  eden space 139776K, 100% used [0x06e00000, 0x0f680000, 0x0f680000)
  from space 17472K, 100% used [0x0f680000, 0x10790000, 0x10790000)
  to   space 17472K,   0% used [0x10790000, 0x10790000, 0x118a0000)
 tenured generation   total 349568K, used 349568K [0x118a0000, 0x26e00000, 0x26e00000)
   the space 349568K, 100% used [0x118a0000, 0x26e00000, 0x26e00000, 0x26e00000)
 Metaspace       used 23512K, capacity 24129K, committed 24320K, reserved 24960K
GC Heap History (10 events):
Event: 25557.151 GC heap before
{Heap before GC invocations=175 (full 60):
 def new generation   total 157248K, used 157247K [0x06e00000, 0x118a0000, 0x118a0000)
  eden space 139776K, 100% used [0x06e00000, 0x0f680000, 0x0f680000)
  from space 17472K,  99% used [0x0f680000, 0x1078fff0, 0x10790000)
  to   space 17472K,   0% used [0x10790000, 0x10790000, 0x118a0000)
 tenured generation   total 349568K, used 349568K [0x118a0000, 0x26e00000, 0x26e00000)
   the space 349568K, 100% used [0x118a0000, 0x26e00000, 0x26e00000, 0x26e00000)
 Metaspace       used 23512K, capacity 24129K, committed 24320K, reserved 24960K
Event: 25557.553 GC heap after
Heap after GC invocations=176 (full 61):
 def new generation   total 157248K, used 157247K [0x06e00000, 0x118a0000, 0x118a0000)
  eden space 139776K, 100% used [0x06e00000, 0x0f680000, 0x0f680000)
  from space 17472K,  99% used [0x0f680000, 0x1078fff0, 0x10790000)
  to   space 17472K,   0% used [0x10790000, 0x10790000, 0x118a0000)
 tenured generation   total 349568K, used 349568K [0x118a0000, 0x26e00000, 0x26e00000)
   the space 349568K, 100% used [0x118a0000, 0x26e00000, 0x26e00000, 0x26e00000)
 Metaspace       used 23512K, capacity 24129K, committed 24320K, reserved 24960K
}
Event: 25557.553 GC heap before
{Heap before GC invocations=176 (full 61):
 def new generation   total 157248K, used 157247K [0x06e00000, 0x118a0000, 0x118a0000)
  eden space 139776K, 100% used [0x06e00000, 0x0f680000, 0x0f680000)
  from space 17472K,  99% used [0x0f680000, 0x1078fff0, 0x10790000)
  to   space 17472K,   0% used [0x10790000, 0x10790000, 0x118a0000)
 tenured generation   total 349568K, used 349568K [0x118a0000, 0x26e00000, 0x26e00000)
   the space 349568K, 100% used [0x118a0000, 0x26e00000, 0x26e00000, 0x26e00000)
 Metaspace       used 23512K, capacity 24129K, committed 24320K, reserved 24960K
Event: 25557.954 GC heap after
Heap after GC invocations=177 (full 62):
 def new generation   total 157248K, used 157247K [0x06e00000, 0x118a0000, 0x118a0000)
  eden space 139776K, 100% used [0x06e00000, 0x0f680000, 0x0f680000)
  from space 17472K,  99% used [0x0f680000, 0x1078fff0, 0x10790000)
  to   space 17472K,   0% used [0x10790000, 0x10790000, 0x118a0000)
 tenured generation   total 349568K, used 349568K [0x118a0000, 0x26e00000, 0x26e00000)
   the space 349568K, 100% used [0x118a0000, 0x26e00000, 0x26e00000, 0x26e00000)
 Metaspace       used 23512K, capacity 24129K, committed 24320K, reserved 24960K
}
Event: 25557.954 GC heap before
{Heap before GC invocations=177 (full 62):
 def new generation   total 157248K, used 157248K [0x06e00000, 0x118a0000, 0x118a0000)
  eden space 139776K, 100% used [0x06e00000, 0x0f680000, 0x0f680000)
  from space 17472K, 100% used [0x0f680000, 0x10790000, 0x10790000)
  to   space 17472K,   0% used [0x10790000, 0x10790000, 0x118a0000)
 tenured generation   total 349568K, used 349568K [0x118a0000, 0x26e00000, 0x26e00000)
   the space 349568K, 100% used [0x118a0000, 0x26e00000, 0x26e00000, 0x26e00000)
 Metaspace       used 23512K, capacity 24129K, committed 24320K, reserved 24960K
Event: 25558.405 GC heap after
Heap after GC invocations=178 (full 63):
 def new generation   total 157248K, used 157243K [0x06e00000, 0x118a0000, 0x118a0000)
  eden space 139776K,  99% used [0x06e00000, 0x0f67ffe8, 0x0f680000)
  from space 17472K,  99% used [0x0f680000, 0x1078ed68, 0x10790000)
  to   space 17472K,   0% used [0x10790000, 0x10790000, 0x118a0000)
 tenured generation   total 349568K, used 349568K [0x118a0000, 0x26e00000, 0x26e00000)
   the space 349568K, 100% used [0x118a0000, 0x26e00000, 0x26e00000, 0x26e00000)
 Metaspace       used 23512K, capacity 24129K, committed 24320K, reserved 24960K
}
Event: 25558.405 GC heap before
{Heap before GC invocations=178 (full 63):
 def new generation   total 157248K, used 157247K [0x06e00000, 0x118a0000, 0x118a0000)
  eden space 139776K, 100% used [0x06e00000, 0x0f680000, 0x0f680000)
  from space 17472K,  99% used [0x0f680000, 0x1078ffa8, 0x10790000)
  to   space 17472K,   0% used [0x10790000, 0x10790000, 0x118a0000)
 tenured generation   total 349568K, used 349568K [0x118a0000, 0x26e00000, 0x26e00000)
   the space 349568K, 100% used [0x118a0000, 0x26e00000, 0x26e00000, 0x26e00000)
 Metaspace       used 23512K, capacity 24129K, committed 24320K, reserved 24960K
Event: 25558.807 GC heap after
Heap after GC invocations=179 (full 64):
 def new generation   total 157248K, used 157247K [0x06e00000, 0x118a0000, 0x118a0000)
  eden space 139776K,  99% used [0x06e00000, 0x0f67fff0, 0x0f680000)
  from space 17472K,  99% used [0x0f680000, 0x1078ff80, 0x10790000)
  to   space 17472K,   0% used [0x10790000, 0x10790000, 0x118a0000)
 tenured generation   total 349568K, used 349568K [0x118a0000, 0x26e00000, 0x26e00000)
   the space 349568K, 100% used [0x118a0000, 0x26e00000, 0x26e00000, 0x26e00000)
 Metaspace       used 23512K, capacity 24129K, committed 24320K, reserved 24960K
}
Event: 25558.807 GC heap before
{Heap before GC invocations=179 (full 64):
 def new generation   total 157248K, used 157247K [0x06e00000, 0x118a0000, 0x118a0000)
  eden space 139776K,  99% used [0x06e00000, 0x0f67fff0, 0x0f680000)
  from space 17472K,  99% used [0x0f680000, 0x1078ff80, 0x10790000)
  to   space 17472K,   0% used [0x10790000, 0x10790000, 0x118a0000)
 tenured generation   total 349568K, used 349568K [0x118a0000, 0x26e00000, 0x26e00000)
   the space 349568K, 100% used [0x118a0000, 0x26e00000, 0x26e00000, 0x26e00000)
 Metaspace       used 23512K, capacity 24129K, committed 24320K, reserved 24960K
Event: 25559.209 GC heap after
Heap after GC invocations=180 (full 65):
 def new generation   total 157248K, used 157247K [0x06e00000, 0x118a0000, 0x118a0000)
  eden space 139776K,  99% used [0x06e00000, 0x0f67fff0, 0x0f680000)
  from space 17472K,  99% used [0x0f680000, 0x1078ff80, 0x10790000)
  to   space 17472K,   0% used [0x10790000, 0x10790000, 0x118a0000)
 tenured generation   total 349568K, used 349568K [0x118a0000, 0x26e00000, 0x26e00000)
   the space 349568K, 100% used [0x118a0000, 0x26e00000, 0x26e00000, 0x26e00000)
 Metaspace       used 23512K, capacity 24129K, committed 24320K, reserved 24960K
}

